<?xml version="1.0" encoding="UTF-8"?>
<!-- Generated by org.testng.reporters.JUnitReportReporter -->
<testsuite skipped="0" hostname="DESKTOP-15MQ1MA" name="GSTProject.GSTPROJECT.ExecuteTest" tests="1" failures="0" timestamp="20 Jun 2021 07:19:31 GMT" time="24.424" errors="0">
  <testcase name="testLogin" time="24.424" classname="GSTProject.GSTPROJECT.ExecuteTest"/>
</testsuite> <!-- GSTProject.GSTPROJECT.ExecuteTest -->
